2016-04-17 11:04:33,279 [AWT-EventQueue-0] INFO  marytts.main Mary starting up...
2016-04-17 11:04:33,279 [AWT-EventQueue-0] INFO  marytts.main Specification version 5.1.2
2016-04-17 11:04:33,279 [AWT-EventQueue-0] INFO  marytts.main Implementation version unknown
2016-04-17 11:04:33,279 [AWT-EventQueue-0] INFO  marytts.main Running on a Java 1.8.0_66 implementation by Oracle Corporation, on a Windows 10 platform (amd64, 10.0)
2016-04-17 11:04:33,451 [AWT-EventQueue-0] INFO  marytts.ModuleRegistry Now initiating mary module 'marytts.language.en.JTokeniser'
2016-04-17 11:04:33,466 [AWT-EventQueue-0] INFO  marytts.ModuleRegistry Now initiating mary module 'marytts.language.en.FreeTTSTokenToWords'
2016-04-17 11:04:33,466 [AWT-EventQueue-0] INFO  marytts.ModuleRegistry Now initiating mary module 'marytts.modules.JPhonemiser(en_US.)'
2016-04-17 11:04:33,466 [AWT-EventQueue-0] INFO  marytts.JPhonemiser User dictionary '.\user-dictionaries\userdict-en_US.txt' for locale 'en_US' does not exist. Ignoring.
2016-04-17 11:04:33,607 [AWT-EventQueue-0] INFO  marytts.ModuleRegistry Now initiating mary module 'marytts.modules.JPhonemiser(en_GB.)'
2016-04-17 11:04:33,607 [AWT-EventQueue-0] INFO  marytts.JPhonemiser User dictionary '.\user-dictionaries\userdict-en_GB.txt' for locale 'en_GB' does not exist. Ignoring.
2016-04-17 11:04:33,670 [AWT-EventQueue-0] INFO  marytts.ModuleRegistry Now initiating mary module 'marytts.language.en.Prosody'
2016-04-17 11:04:33,685 [AWT-EventQueue-0] INFO  marytts.ModuleRegistry Now initiating mary module 'marytts.modules.SimplePhoneme2AP(en_US)'
2016-04-17 11:04:33,685 [AWT-EventQueue-0] INFO  marytts.ModuleRegistry Now initiating mary module 'marytts.language.en.Utt2XMLWordsEn'
2016-04-17 11:04:33,685 [AWT-EventQueue-0] INFO  marytts.ModuleRegistry Now initiating mary module 'marytts.language.en.XML2UttTokensEn'
2016-04-17 11:04:33,701 [AWT-EventQueue-0] INFO  marytts.ModuleRegistry Now initiating mary module 'marytts.language.en.PronunciationModel'
2016-04-17 11:04:33,701 [AWT-EventQueue-0] INFO  marytts.ModuleRegistry Now initiating mary module 'marytts.modules.OpenNLPPosTagger(en,en.pos)'
2016-04-17 11:04:33,701 [AWT-EventQueue-0] INFO  marytts.ModuleRegistry Now initiating mary module 'marytts.modules.Synthesis'
2016-04-17 11:04:33,701 [AWT-EventQueue-0] INFO  marytts.ModuleRegistry Now initiating mary module 'marytts.modules.TextToMaryXML'
2016-04-17 11:04:33,701 [AWT-EventQueue-0] INFO  marytts.ModuleRegistry Now initiating mary module 'marytts.modules.SableParser'
2016-04-17 11:04:33,716 [AWT-EventQueue-0] INFO  marytts.ModuleRegistry Now initiating mary module 'marytts.modules.SSMLParser'
2016-04-17 11:04:33,716 [AWT-EventQueue-0] INFO  marytts.ModuleRegistry Now initiating mary module 'marytts.modules.APMLParser'
2016-04-17 11:04:33,716 [AWT-EventQueue-0] INFO  marytts.ModuleRegistry Now initiating mary module 'marytts.modules.EmotionmlParser'
2016-04-17 11:04:33,716 [AWT-EventQueue-0] INFO  marytts.ModuleRegistry Now initiating mary module 'marytts.modules.JTokeniser'
2016-04-17 11:04:33,716 [AWT-EventQueue-0] INFO  marytts.ModuleRegistry Now initiating mary module 'marytts.modules.DummyTokens2Words'
2016-04-17 11:04:33,716 [AWT-EventQueue-0] INFO  marytts.ModuleRegistry Now initiating mary module 'marytts.modules.ProsodyGeneric'
2016-04-17 11:04:33,716 [AWT-EventQueue-0] INFO  marytts.ModuleRegistry Now initiating mary module 'marytts.modules.PronunciationModel'
2016-04-17 11:04:33,716 [AWT-EventQueue-0] INFO  marytts.ModuleRegistry Now initiating mary module 'marytts.modules.TargetFeatureLister'
2016-04-17 11:04:33,716 [AWT-EventQueue-0] INFO  marytts.ModuleRegistry Now initiating mary module 'marytts.modules.HalfPhoneTargetFeatureLister'
2016-04-17 11:04:33,716 [AWT-EventQueue-0] INFO  marytts.ModuleRegistry Now initiating mary module 'marytts.modules.AcousticModeller'
2016-04-17 11:04:33,716 [AWT-EventQueue-0] INFO  marytts.ModuleRegistry Now initiating mary module 'marytts.modules.RealisedAcoustparamsExtractor'
2016-04-17 11:04:33,716 [AWT-EventQueue-0] INFO  marytts.ModuleRegistry Now initiating mary module 'marytts.modules.RealisedDurationsExtractor'
2016-04-17 11:04:33,732 [AWT-EventQueue-0] INFO  marytts.ModuleRegistry Now initiating mary module 'marytts.modules.HTSEngine'
2016-04-17 11:04:33,732 [AWT-EventQueue-0] INFO  marytts.ModuleRegistry Now initiating mary module 'marytts.modules.PraatTextGridGenerator'
2016-04-17 11:04:33,732 [AWT-EventQueue-0] INFO  marytts.JTokeniser Module started (RAWMARYXML->TOKENS, locale en).
2016-04-17 11:04:33,810 [AWT-EventQueue-0] INFO  marytts.JTokeniser Starting power-on self test.
2016-04-17 11:04:33,826 [AWT-EventQueue-0] INFO  marytts.JTokeniser Power-on self test complete.
2016-04-17 11:04:33,826 [AWT-EventQueue-0] INFO  marytts.TokenToWords Module started (FREETTS_TOKENS->FREETTS_WORDS, locale en).
2016-04-17 11:04:33,826 [AWT-EventQueue-0] INFO  marytts.FreeTTSVoices Loading US English FreeTTS voices...
2016-04-17 11:04:33,826 [AWT-EventQueue-0] INFO  marytts.FreeTTSVoices done.
2016-04-17 11:04:33,857 [AWT-EventQueue-0] INFO  marytts.TokenToWords Starting power-on self test.
2016-04-17 11:04:33,873 [AWT-EventQueue-0] INFO  marytts.TokenToWords Power-on self test complete.
2016-04-17 11:04:33,873 [AWT-EventQueue-0] INFO  marytts.JPhonemiser Module started (PARTSOFSPEECH->PHONEMES, locale en_US).
2016-04-17 11:04:33,873 [AWT-EventQueue-0] INFO  marytts.JPhonemiser Starting power-on self test.
2016-04-17 11:04:33,873 [AWT-EventQueue-0] INFO  marytts.JPhonemiser Power-on self test complete.
2016-04-17 11:04:33,873 [AWT-EventQueue-0] INFO  marytts.JPhonemiser Module started (PARTSOFSPEECH->PHONEMES, locale en_GB).
2016-04-17 11:04:33,873 [AWT-EventQueue-0] INFO  marytts.JPhonemiser Starting power-on self test.
2016-04-17 11:04:33,873 [AWT-EventQueue-0] INFO  marytts.JPhonemiser Power-on self test complete.
2016-04-17 11:04:33,888 [AWT-EventQueue-0] INFO  marytts.Prosody Module started (PHONEMES->INTONATION, locale en).
2016-04-17 11:04:33,888 [AWT-EventQueue-0] INFO  marytts.Prosody Starting power-on self test.
2016-04-17 11:04:33,888 [AWT-EventQueue-0] INFO  marytts.Prosody Power-on self test complete.
2016-04-17 11:04:33,888 [AWT-EventQueue-0] INFO  marytts.SimplePhoneme2AP Module started (SIMPLEPHONEMES->ACOUSTPARAMS, locale en_US).
2016-04-17 11:04:33,888 [AWT-EventQueue-0] INFO  marytts.SimplePhoneme2AP Starting power-on self test.
2016-04-17 11:04:33,909 [AWT-EventQueue-0] INFO  marytts.SimplePhoneme2AP Power-on self test complete.
2016-04-17 11:04:33,910 [AWT-EventQueue-0] INFO  marytts.Utt2XML WordsEn Module started (FREETTS_WORDS->WORDS, locale en).
2016-04-17 11:04:33,911 [AWT-EventQueue-0] INFO  marytts.FreeTTSVoices Loading US English FreeTTS voices...
2016-04-17 11:04:33,911 [AWT-EventQueue-0] INFO  marytts.FreeTTSVoices done.
2016-04-17 11:04:33,911 [AWT-EventQueue-0] INFO  marytts.Utt2XML WordsEn Starting power-on self test.
2016-04-17 11:04:33,911 [AWT-EventQueue-0] INFO  marytts.Utt2XML WordsEn Power-on self test complete.
2016-04-17 11:04:33,911 [AWT-EventQueue-0] INFO  marytts.XML2Utt TokensEn Module started (TOKENS->FREETTS_TOKENS, locale en).
2016-04-17 11:04:33,911 [AWT-EventQueue-0] INFO  marytts.FreeTTSVoices Loading US English FreeTTS voices...
2016-04-17 11:04:33,911 [AWT-EventQueue-0] INFO  marytts.FreeTTSVoices done.
2016-04-17 11:04:33,911 [AWT-EventQueue-0] INFO  marytts.XML2Utt TokensEn Starting power-on self test.
2016-04-17 11:04:33,911 [AWT-EventQueue-0] INFO  marytts.XML2Utt TokensEn Power-on self test complete.
2016-04-17 11:04:33,912 [AWT-EventQueue-0] INFO  marytts.PronunciationModel Module started (INTONATION->ALLOPHONES, locale en).
2016-04-17 11:04:33,912 [AWT-EventQueue-0] INFO  marytts.PronunciationModel Starting power-on self test.
2016-04-17 11:04:33,912 [AWT-EventQueue-0] INFO  marytts.PronunciationModel Power-on self test complete.
2016-04-17 11:04:33,912 [AWT-EventQueue-0] INFO  marytts.OpenNLPPosTagger Module started (WORDS->PARTSOFSPEECH, locale en).
2016-04-17 11:04:35,418 [AWT-EventQueue-0] INFO  marytts.OpenNLPPosTagger Starting power-on self test.
2016-04-17 11:04:35,418 [AWT-EventQueue-0] INFO  marytts.OpenNLPPosTagger Power-on self test complete.
2016-04-17 11:04:35,418 [AWT-EventQueue-0] INFO  marytts.UnitSelectionSynthesizer started.
2016-04-17 11:04:35,434 [AWT-EventQueue-0] INFO  marytts.TargetFeatureLister Module started (ACOUSTPARAMS->TARGETFEATURES, locale null).
2016-04-17 11:04:35,434 [AWT-EventQueue-0] INFO  marytts.HTSEngine Module started (TARGETFEATURES->AUDIO, locale null).
2016-04-17 11:04:35,465 [AWT-EventQueue-0] INFO  marytts.HMMData Loading Tree Set in CARTs:
2016-04-17 11:04:35,606 [AWT-EventQueue-0] INFO  marytts.HMMData Loading GV Model Set:
2016-04-17 11:04:35,887 [AWT-EventQueue-0] INFO  marytts.Voice Registering voice `cmu-slt-hsmm': female, locale en_US
2016-04-17 11:04:35,918 [AWT-EventQueue-0] INFO  marytts.Voice New default voice for locale en_US: cmu-slt-hsmm (desire 0)
2016-04-17 11:04:35,918 [AWT-EventQueue-0] INFO  marytts.HMMSynthesizer started.
2016-04-17 11:04:35,918 [AWT-EventQueue-0] INFO  marytts.Synthesis Module started (ACOUSTPARAMS->AUDIO, locale null).
2016-04-17 11:04:35,918 [AWT-EventQueue-0] INFO  marytts.HMMSynthesizer Starting power-on self test.
2016-04-17 11:04:35,934 [AWT-EventQueue-0] INFO  marytts.HTSEngine Using prosody from acoustparams.
2016-04-17 11:04:35,950 [AWT-EventQueue-0] INFO  marytts.HTSEngine Number of models in sentence numModel=7  Total number of states numState=35
2016-04-17 11:04:35,950 [AWT-EventQueue-0] INFO  marytts.HTSEngine Total number of frames=147  Number of voiced frames=89
2016-04-17 11:04:35,950 [AWT-EventQueue-0] INFO  marytts.ParameterGeneration Parameter generation for MGC: 
2016-04-17 11:04:35,950 [AWT-EventQueue-0] INFO  marytts.PStream Context-dependent global variance optimization: gvLength = 107
2016-04-17 11:04:35,965 [AWT-EventQueue-0] INFO  marytts.PStream Gradient GV optimization for feature: (0)  number of iterations=23
2016-04-17 11:04:35,996 [AWT-EventQueue-0] INFO  marytts.PStream Gradient GV optimization for feature: (1)  number of iterations=54
2016-04-17 11:04:35,996 [AWT-EventQueue-0] INFO  marytts.PStream Gradient GV optimization for feature: (2)  number of iterations=38
2016-04-17 11:04:35,996 [AWT-EventQueue-0] INFO  marytts.PStream Gradient GV optimization for feature: (3)  number of iterations=20
2016-04-17 11:04:36,012 [AWT-EventQueue-0] INFO  marytts.PStream Gradient GV optimization for feature: (4)  number of iterations=13
2016-04-17 11:04:36,012 [AWT-EventQueue-0] INFO  marytts.PStream Gradient GV optimization for feature: (5)  number of iterations=21
2016-04-17 11:04:36,012 [AWT-EventQueue-0] INFO  marytts.PStream Gradient GV optimization for feature: (6)  number of iterations=7
2016-04-17 11:04:36,012 [AWT-EventQueue-0] INFO  marytts.PStream Gradient GV optimization for feature: (7)  number of iterations=4
2016-04-17 11:04:36,012 [AWT-EventQueue-0] INFO  marytts.PStream Gradient GV optimization for feature: (8)  number of iterations=11
2016-04-17 11:04:36,028 [AWT-EventQueue-0] INFO  marytts.PStream Gradient GV optimization for feature: (9)  number of iterations=19
2016-04-17 11:04:36,028 [AWT-EventQueue-0] INFO  marytts.PStream Gradient GV optimization for feature: (10)  number of iterations=16
2016-04-17 11:04:36,028 [AWT-EventQueue-0] INFO  marytts.PStream Gradient GV optimization for feature: (11)  number of iterations=9
2016-04-17 11:04:36,028 [AWT-EventQueue-0] INFO  marytts.PStream Gradient GV optimization for feature: (12)  number of iterations=2
2016-04-17 11:04:36,028 [AWT-EventQueue-0] INFO  marytts.PStream Gradient GV optimization for feature: (13)  number of iterations=13
2016-04-17 11:04:36,028 [AWT-EventQueue-0] INFO  marytts.PStream Gradient GV optimization for feature: (14)  number of iterations=12
2016-04-17 11:04:36,028 [AWT-EventQueue-0] INFO  marytts.PStream Gradient GV optimization for feature: (15)  number of iterations=14
2016-04-17 11:04:36,028 [AWT-EventQueue-0] INFO  marytts.PStream Gradient GV optimization for feature: (16)  number of iterations=15
2016-04-17 11:04:36,028 [AWT-EventQueue-0] INFO  marytts.PStream Gradient GV optimization for feature: (17)  number of iterations=14
2016-04-17 11:04:36,028 [AWT-EventQueue-0] INFO  marytts.PStream Gradient GV optimization for feature: (18)  number of iterations=19
2016-04-17 11:04:36,028 [AWT-EventQueue-0] INFO  marytts.PStream Gradient GV optimization for feature: (19)  number of iterations=12
2016-04-17 11:04:36,028 [AWT-EventQueue-0] INFO  marytts.PStream Gradient GV optimization for feature: (20)  number of iterations=17
2016-04-17 11:04:36,043 [AWT-EventQueue-0] INFO  marytts.PStream Gradient GV optimization for feature: (21)  number of iterations=23
2016-04-17 11:04:36,043 [AWT-EventQueue-0] INFO  marytts.PStream Gradient GV optimization for feature: (22)  number of iterations=12
2016-04-17 11:04:36,043 [AWT-EventQueue-0] INFO  marytts.PStream Gradient GV optimization for feature: (23)  number of iterations=18
2016-04-17 11:04:36,043 [AWT-EventQueue-0] INFO  marytts.PStream Gradient GV optimization for feature: (24)  number of iterations=12
2016-04-17 11:04:36,043 [AWT-EventQueue-0] INFO  marytts.PStream Gradient GV optimization for feature: (25)  number of iterations=11
2016-04-17 11:04:36,043 [AWT-EventQueue-0] INFO  marytts.PStream Gradient GV optimization for feature: (26)  number of iterations=13
2016-04-17 11:04:36,043 [AWT-EventQueue-0] INFO  marytts.PStream Gradient GV optimization for feature: (27)  number of iterations=9
2016-04-17 11:04:36,043 [AWT-EventQueue-0] INFO  marytts.PStream Gradient GV optimization for feature: (28)  number of iterations=13
2016-04-17 11:04:36,043 [AWT-EventQueue-0] INFO  marytts.PStream Gradient GV optimization for feature: (29)  number of iterations=8
2016-04-17 11:04:36,043 [AWT-EventQueue-0] INFO  marytts.PStream Gradient GV optimization for feature: (30)  number of iterations=11
2016-04-17 11:04:36,043 [AWT-EventQueue-0] INFO  marytts.PStream Gradient GV optimization for feature: (31)  number of iterations=12
2016-04-17 11:04:36,059 [AWT-EventQueue-0] INFO  marytts.PStream Gradient GV optimization for feature: (32)  number of iterations=7
2016-04-17 11:04:36,059 [AWT-EventQueue-0] INFO  marytts.PStream Gradient GV optimization for feature: (33)  number of iterations=8
2016-04-17 11:04:36,059 [AWT-EventQueue-0] INFO  marytts.PStream Gradient GV optimization for feature: (34)  number of iterations=12
2016-04-17 11:04:36,059 [AWT-EventQueue-0] INFO  marytts.ParameterGeneration Using f0 from maryXML acoustparams
2016-04-17 11:04:36,059 [AWT-EventQueue-0] INFO  marytts.PStream Context-dependent global variance optimization: gvLength = 107
2016-04-17 11:04:36,059 [AWT-EventQueue-0] INFO  marytts.PStream Gradient GV optimization for feature: (0)  number of iterations=16
2016-04-17 11:04:36,059 [AWT-EventQueue-0] INFO  marytts.PStream Gradient GV optimization for feature: (1)  number of iterations=2
2016-04-17 11:04:36,059 [AWT-EventQueue-0] INFO  marytts.PStream Gradient GV optimization for feature: (2)  number of iterations=2
2016-04-17 11:04:36,059 [AWT-EventQueue-0] INFO  marytts.PStream Gradient GV optimization for feature: (3)  number of iterations=8
2016-04-17 11:04:36,059 [AWT-EventQueue-0] INFO  marytts.PStream Gradient GV optimization for feature: (4)  number of iterations=26
2016-04-17 11:04:36,075 [AWT-EventQueue-0] INFO  marytts.HMMSynthesizer Power-on self test complete.
2016-04-17 11:04:36,075 [AWT-EventQueue-0] INFO  marytts.TextToMaryXML Module started (TEXT->RAWMARYXML, locale null).
2016-04-17 11:04:36,075 [AWT-EventQueue-0] INFO  marytts.TextToMaryXML Starting power-on self test.
2016-04-17 11:04:36,075 [AWT-EventQueue-0] WARN  marytts.TextToMaryXML Locale is null, overriding with en_US
2016-04-17 11:04:36,075 [AWT-EventQueue-0] WARN  marytts.TextToMaryXML Locale is null, overriding with en_US
2016-04-17 11:04:36,075 [AWT-EventQueue-0] INFO  marytts.TextToMaryXML Power-on self test complete.
2016-04-17 11:04:36,465 [AWT-EventQueue-0] INFO  marytts.SableParser Module started (SABLE->RAWMARYXML, locale null).
2016-04-17 11:04:36,465 [AWT-EventQueue-0] INFO  marytts.SableParser Starting power-on self test.
2016-04-17 11:04:36,465 [AWT-EventQueue-0] INFO  marytts.SableParser Power-on self test complete.
2016-04-17 11:04:36,606 [AWT-EventQueue-0] INFO  marytts.SSMLParser Module started (SSML->RAWMARYXML, locale null).
2016-04-17 11:04:36,606 [AWT-EventQueue-0] INFO  marytts.SSMLParser Starting power-on self test.
2016-04-17 11:04:36,606 [AWT-EventQueue-0] INFO  marytts.SSMLParser Power-on self test complete.
2016-04-17 11:04:36,723 [AWT-EventQueue-0] INFO  marytts.APMLParser Module started (APML->RAWMARYXML, locale null).
2016-04-17 11:04:36,723 [AWT-EventQueue-0] INFO  marytts.APMLParser Starting power-on self test.
2016-04-17 11:04:36,723 [AWT-EventQueue-0] INFO  marytts.APMLParser Power-on self test complete.
2016-04-17 11:04:36,785 [AWT-EventQueue-0] INFO  marytts.EmotionmlParser Module started (EMOTIONML->RAWMARYXML, locale null).
2016-04-17 11:04:36,785 [AWT-EventQueue-0] INFO  marytts.EmotionmlParser Starting power-on self test.
2016-04-17 11:04:36,785 [AWT-EventQueue-0] INFO  marytts.EmotionmlParser Power-on self test complete.
2016-04-17 11:04:36,785 [AWT-EventQueue-0] INFO  marytts.JTokeniser Module started (RAWMARYXML->TOKENS, locale null).
2016-04-17 11:04:36,816 [AWT-EventQueue-0] INFO  marytts.JTokeniser Starting power-on self test.
2016-04-17 11:04:36,816 [AWT-EventQueue-0] INFO  marytts.JTokeniser Power-on self test complete.
2016-04-17 11:04:36,816 [AWT-EventQueue-0] INFO  marytts.DummyTokens2Words Module started (TOKENS->WORDS, locale null).
2016-04-17 11:04:36,816 [AWT-EventQueue-0] INFO  marytts.DummyTokens2Words Starting power-on self test.
2016-04-17 11:04:36,816 [AWT-EventQueue-0] INFO  marytts.DummyTokens2Words Power-on self test complete.
2016-04-17 11:04:36,832 [AWT-EventQueue-0] INFO  marytts.Prosody Module started (PHONEMES->INTONATION, locale null).
2016-04-17 11:04:36,832 [AWT-EventQueue-0] INFO  marytts.Prosody Starting power-on self test.
2016-04-17 11:04:36,832 [AWT-EventQueue-0] INFO  marytts.Prosody Power-on self test complete.
2016-04-17 11:04:36,832 [AWT-EventQueue-0] INFO  marytts.PronunciationModel Module started (INTONATION->ALLOPHONES, locale null).
2016-04-17 11:04:36,832 [AWT-EventQueue-0] INFO  marytts.PronunciationModel Starting power-on self test.
2016-04-17 11:04:36,832 [AWT-EventQueue-0] INFO  marytts.PronunciationModel Power-on self test complete.
2016-04-17 11:04:36,832 [AWT-EventQueue-0] INFO  marytts.TargetFeatureLister Starting power-on self test.
2016-04-17 11:04:36,832 [AWT-EventQueue-0] INFO  marytts.TargetFeatureLister Power-on self test complete.
2016-04-17 11:04:36,832 [AWT-EventQueue-0] INFO  marytts.TargetFeatureLister Module started (ACOUSTPARAMS->HALFPHONE_TARGETFEATURES, locale null).
2016-04-17 11:04:36,832 [AWT-EventQueue-0] INFO  marytts.TargetFeatureLister Starting power-on self test.
2016-04-17 11:04:36,832 [AWT-EventQueue-0] INFO  marytts.TargetFeatureLister Power-on self test complete.
2016-04-17 11:04:36,832 [AWT-EventQueue-0] INFO  marytts.AcousticModeller Module started (ALLOPHONES->ACOUSTPARAMS, locale null).
2016-04-17 11:04:36,832 [AWT-EventQueue-0] INFO  marytts.AcousticModeller Starting power-on self test.
2016-04-17 11:04:36,832 [AWT-EventQueue-0] INFO  marytts.AcousticModeller Power-on self test complete.
2016-04-17 11:04:36,832 [AWT-EventQueue-0] INFO  marytts.Realised acoustparams extractor Module started (AUDIO->REALISED_ACOUSTPARAMS, locale null).
2016-04-17 11:04:36,832 [AWT-EventQueue-0] INFO  marytts.Realised acoustparams extractor Starting power-on self test.
2016-04-17 11:04:36,832 [AWT-EventQueue-0] INFO  marytts.Realised acoustparams extractor Power-on self test complete.
2016-04-17 11:04:36,832 [AWT-EventQueue-0] INFO  marytts.Realised durations extractor Module started (AUDIO->REALISED_DURATIONS, locale null).
2016-04-17 11:04:36,832 [AWT-EventQueue-0] INFO  marytts.Realised durations extractor Starting power-on self test.
2016-04-17 11:04:36,832 [AWT-EventQueue-0] INFO  marytts.Realised durations extractor Power-on self test complete.
2016-04-17 11:04:36,832 [AWT-EventQueue-0] INFO  marytts.Praat TextGrid generator Module started (AUDIO->PRAAT_TEXTGRID, locale null).
2016-04-17 11:04:36,832 [AWT-EventQueue-0] INFO  marytts.Praat TextGrid generator Starting power-on self test.
2016-04-17 11:04:36,832 [AWT-EventQueue-0] INFO  marytts.Praat TextGrid generator Power-on self test complete.
2016-04-17 11:04:36,832 [AWT-EventQueue-0] INFO  marytts.main Startup complete.
2016-04-17 11:04:36,848 [AWT-EventQueue-0] INFO  marytts.R 1 New request (input type "TEXT", output type "AUDIO", voice "cmu-slt-hsmm", audio "WAVE")
2016-04-17 11:04:36,848 [AWT-EventQueue-0] INFO  marytts.R 1 Handling request using the following modules:
2016-04-17 11:04:36,848 [AWT-EventQueue-0] INFO  marytts.R 1 - TextToMaryXML (marytts.modules.TextToMaryXML)
2016-04-17 11:04:36,848 [AWT-EventQueue-0] INFO  marytts.R 1 Next module: TextToMaryXML
2016-04-17 11:04:36,848 [AWT-EventQueue-0] INFO  marytts.R 1 Handling request using the following modules:
2016-04-17 11:04:36,848 [AWT-EventQueue-0] INFO  marytts.R 1 - JTokeniser (marytts.language.en.JTokeniser)
2016-04-17 11:04:36,848 [AWT-EventQueue-0] INFO  marytts.R 1 - XML2Utt TokensEn (marytts.language.en.XML2UttTokensEn)
2016-04-17 11:04:36,848 [AWT-EventQueue-0] INFO  marytts.R 1 - TokenToWords (marytts.language.en.FreeTTSTokenToWords)
2016-04-17 11:04:36,848 [AWT-EventQueue-0] INFO  marytts.R 1 - Utt2XML WordsEn (marytts.language.en.Utt2XMLWordsEn)
2016-04-17 11:04:36,848 [AWT-EventQueue-0] INFO  marytts.R 1 - OpenNLPPosTagger (marytts.modules.OpenNLPPosTagger)
2016-04-17 11:04:36,848 [AWT-EventQueue-0] INFO  marytts.R 1 - JPhonemiser (marytts.modules.JPhonemiser)
2016-04-17 11:04:36,848 [AWT-EventQueue-0] INFO  marytts.R 1 - Prosody (marytts.language.en.Prosody)
2016-04-17 11:04:36,848 [AWT-EventQueue-0] INFO  marytts.R 1 - PronunciationModel (marytts.language.en.PronunciationModel)
2016-04-17 11:04:36,848 [AWT-EventQueue-0] INFO  marytts.R 1 - AcousticModeller (marytts.modules.AcousticModeller)
2016-04-17 11:04:36,848 [AWT-EventQueue-0] INFO  marytts.R 1 - Synthesis (marytts.modules.Synthesis)
2016-04-17 11:04:36,848 [AWT-EventQueue-0] INFO  marytts.R 1 Next module: JTokeniser
2016-04-17 11:04:36,863 [AWT-EventQueue-0] INFO  marytts.R 1 Next module: XML2Utt TokensEn
2016-04-17 11:04:36,879 [AWT-EventQueue-0] INFO  marytts.R 1 Next module: TokenToWords
2016-04-17 11:04:36,879 [AWT-EventQueue-0] INFO  marytts.R 1 Next module: Utt2XML WordsEn
2016-04-17 11:04:36,879 [AWT-EventQueue-0] INFO  marytts.R 1 Next module: OpenNLPPosTagger
2016-04-17 11:04:36,894 [AWT-EventQueue-0] INFO  marytts.R 1 Next module: JPhonemiser
2016-04-17 11:04:36,894 [AWT-EventQueue-0] INFO  marytts.R 1 Next module: Prosody
2016-04-17 11:04:36,910 [AWT-EventQueue-0] INFO  marytts.R 1 Next module: PronunciationModel
2016-04-17 11:04:36,910 [AWT-EventQueue-0] INFO  marytts.R 1 Next module: AcousticModeller
2016-04-17 11:04:36,941 [AWT-EventQueue-0] INFO  marytts.ParameterGeneration Parameter generation for LF0: 
2016-04-17 11:04:36,941 [AWT-EventQueue-0] INFO  marytts.PStream Context-dependent global variance optimization: gvLength = 288
2016-04-17 11:04:36,957 [AWT-EventQueue-0] INFO  marytts.PStream Gradient GV optimization for feature: (0)  number of iterations=1
2016-04-17 11:04:36,957 [AWT-EventQueue-0] INFO  marytts.R 1 Next module: Synthesis
2016-04-17 11:04:37,004 [AWT-EventQueue-0] INFO  marytts.HMMSynthesizer Synthesizing one sentence.
2016-04-17 11:04:37,004 [AWT-EventQueue-0] INFO  marytts.HTSEngine Using prosody from acoustparams.
2016-04-17 11:04:37,004 [AWT-EventQueue-0] INFO  marytts.HTSEngine Number of models in sentence numModel=25  Total number of states numState=125
2016-04-17 11:04:37,004 [AWT-EventQueue-0] INFO  marytts.HTSEngine Total number of frames=380  Number of voiced frames=288
2016-04-17 11:04:37,004 [AWT-EventQueue-0] INFO  marytts.ParameterGeneration Parameter generation for MGC: 
2016-04-17 11:04:37,004 [AWT-EventQueue-0] INFO  marytts.PStream Context-dependent global variance optimization: gvLength = 372
2016-04-17 11:04:37,035 [AWT-EventQueue-0] INFO  marytts.PStream    optimization stopped by reaching max number of iterations (no global variance applied)
2016-04-17 11:04:37,035 [AWT-EventQueue-0] INFO  marytts.PStream Gradient GV optimization for feature: (0)  number of iterations=101
2016-04-17 11:04:37,035 [AWT-EventQueue-0] INFO  marytts.PStream Gradient GV optimization for feature: (1)  number of iterations=25
2016-04-17 11:04:37,035 [AWT-EventQueue-0] INFO  marytts.PStream Gradient GV optimization for feature: (2)  number of iterations=24
2016-04-17 11:04:37,051 [AWT-EventQueue-0] INFO  marytts.PStream Gradient GV optimization for feature: (3)  number of iterations=2
2016-04-17 11:04:37,051 [AWT-EventQueue-0] INFO  marytts.PStream Gradient GV optimization for feature: (4)  number of iterations=20
2016-04-17 11:04:37,051 [AWT-EventQueue-0] INFO  marytts.PStream Gradient GV optimization for feature: (5)  number of iterations=31
2016-04-17 11:04:37,066 [AWT-EventQueue-0] INFO  marytts.PStream Gradient GV optimization for feature: (6)  number of iterations=2
2016-04-17 11:04:37,066 [AWT-EventQueue-0] INFO  marytts.PStream Gradient GV optimization for feature: (7)  number of iterations=20
2016-04-17 11:04:37,066 [AWT-EventQueue-0] INFO  marytts.PStream Gradient GV optimization for feature: (8)  number of iterations=22
2016-04-17 11:04:37,082 [AWT-EventQueue-0] INFO  marytts.PStream Gradient GV optimization for feature: (9)  number of iterations=18
2016-04-17 11:04:37,082 [AWT-EventQueue-0] INFO  marytts.PStream Gradient GV optimization for feature: (10)  number of iterations=23
2016-04-17 11:04:37,082 [AWT-EventQueue-0] INFO  marytts.PStream Gradient GV optimization for feature: (11)  number of iterations=3
2016-04-17 11:04:37,082 [AWT-EventQueue-0] INFO  marytts.PStream Gradient GV optimization for feature: (12)  number of iterations=4
2016-04-17 11:04:37,098 [AWT-EventQueue-0] INFO  marytts.PStream Gradient GV optimization for feature: (13)  number of iterations=19
2016-04-17 11:04:37,098 [AWT-EventQueue-0] INFO  marytts.PStream Gradient GV optimization for feature: (14)  number of iterations=19
2016-04-17 11:04:37,098 [AWT-EventQueue-0] INFO  marytts.PStream Gradient GV optimization for feature: (15)  number of iterations=15
2016-04-17 11:04:37,113 [AWT-EventQueue-0] INFO  marytts.PStream Gradient GV optimization for feature: (16)  number of iterations=27
2016-04-17 11:04:37,113 [AWT-EventQueue-0] INFO  marytts.PStream Gradient GV optimization for feature: (17)  number of iterations=19
2016-04-17 11:04:37,113 [AWT-EventQueue-0] INFO  marytts.PStream Gradient GV optimization for feature: (18)  number of iterations=16
2016-04-17 11:04:37,129 [AWT-EventQueue-0] INFO  marytts.PStream Gradient GV optimization for feature: (19)  number of iterations=14
2016-04-17 11:04:37,129 [AWT-EventQueue-0] INFO  marytts.PStream Gradient GV optimization for feature: (20)  number of iterations=15
2016-04-17 11:04:37,129 [AWT-EventQueue-0] INFO  marytts.PStream Gradient GV optimization for feature: (21)  number of iterations=12
2016-04-17 11:04:37,144 [AWT-EventQueue-0] INFO  marytts.PStream Gradient GV optimization for feature: (22)  number of iterations=21
2016-04-17 11:04:37,144 [AWT-EventQueue-0] INFO  marytts.PStream Gradient GV optimization for feature: (23)  number of iterations=23
2016-04-17 11:04:37,144 [AWT-EventQueue-0] INFO  marytts.PStream Gradient GV optimization for feature: (24)  number of iterations=12
2016-04-17 11:04:37,160 [AWT-EventQueue-0] INFO  marytts.PStream Gradient GV optimization for feature: (25)  number of iterations=11
2016-04-17 11:04:37,160 [AWT-EventQueue-0] INFO  marytts.PStream Gradient GV optimization for feature: (26)  number of iterations=13
2016-04-17 11:04:37,160 [AWT-EventQueue-0] INFO  marytts.PStream Gradient GV optimization for feature: (27)  number of iterations=12
2016-04-17 11:04:37,176 [AWT-EventQueue-0] INFO  marytts.PStream Gradient GV optimization for feature: (28)  number of iterations=24
2016-04-17 11:04:37,176 [AWT-EventQueue-0] INFO  marytts.PStream Gradient GV optimization for feature: (29)  number of iterations=13
2016-04-17 11:04:37,176 [AWT-EventQueue-0] INFO  marytts.PStream Gradient GV optimization for feature: (30)  number of iterations=14
2016-04-17 11:04:37,176 [AWT-EventQueue-0] INFO  marytts.PStream Gradient GV optimization for feature: (31)  number of iterations=12
2016-04-17 11:04:37,191 [AWT-EventQueue-0] INFO  marytts.PStream Gradient GV optimization for feature: (32)  number of iterations=11
2016-04-17 11:04:37,191 [AWT-EventQueue-0] INFO  marytts.PStream Gradient GV optimization for feature: (33)  number of iterations=9
2016-04-17 11:04:37,191 [AWT-EventQueue-0] INFO  marytts.PStream Gradient GV optimization for feature: (34)  number of iterations=28
2016-04-17 11:04:37,191 [AWT-EventQueue-0] INFO  marytts.ParameterGeneration Using f0 from maryXML acoustparams
2016-04-17 11:04:37,207 [AWT-EventQueue-0] INFO  marytts.PStream Context-dependent global variance optimization: gvLength = 372
2016-04-17 11:04:37,207 [AWT-EventQueue-0] INFO  marytts.PStream Gradient GV optimization for feature: (0)  number of iterations=43
2016-04-17 11:04:37,207 [AWT-EventQueue-0] INFO  marytts.PStream Gradient GV optimization for feature: (1)  number of iterations=2
2016-04-17 11:04:37,223 [AWT-EventQueue-0] INFO  marytts.PStream Gradient GV optimization for feature: (2)  number of iterations=16
2016-04-17 11:04:37,223 [AWT-EventQueue-0] INFO  marytts.PStream Gradient GV optimization for feature: (3)  number of iterations=5
2016-04-17 11:04:37,223 [AWT-EventQueue-0] INFO  marytts.PStream Gradient GV optimization for feature: (4)  number of iterations=11
2016-04-17 11:04:37,223 [AWT-EventQueue-0] INFO  marytts.R 1 Request processed in 375 ms.
2016-04-17 11:04:37,223 [AWT-EventQueue-0] INFO  marytts.R 1    TextToMaryXML took 0 ms
2016-04-17 11:04:37,223 [AWT-EventQueue-0] INFO  marytts.R 1    JTokeniser took 15 ms
2016-04-17 11:04:37,223 [AWT-EventQueue-0] INFO  marytts.R 1    XML2Utt TokensEn took 16 ms
2016-04-17 11:04:37,223 [AWT-EventQueue-0] INFO  marytts.R 1    TokenToWords took 0 ms
2016-04-17 11:04:37,223 [AWT-EventQueue-0] INFO  marytts.R 1    Utt2XML WordsEn took 0 ms
2016-04-17 11:04:37,223 [AWT-EventQueue-0] INFO  marytts.R 1    OpenNLPPosTagger took 15 ms
2016-04-17 11:04:37,223 [AWT-EventQueue-0] INFO  marytts.R 1    JPhonemiser took 0 ms
2016-04-17 11:04:37,223 [AWT-EventQueue-0] INFO  marytts.R 1    Prosody took 16 ms
2016-04-17 11:04:37,223 [AWT-EventQueue-0] INFO  marytts.R 1    PronunciationModel took 0 ms
2016-04-17 11:04:37,223 [AWT-EventQueue-0] INFO  marytts.R 1    AcousticModeller took 47 ms
2016-04-17 11:04:37,223 [AWT-EventQueue-0] INFO  marytts.R 1    Synthesis took 266 ms
2016-04-17 11:04:37,363 [Timer-1] INFO  marytts.R 1 New request (input type "TEXT", output type "AUDIO", voice "cmu-slt-hsmm", audio "WAVE")
2016-04-17 11:04:37,379 [Timer-1] INFO  marytts.R 1 Handling request using the following modules:
2016-04-17 11:04:37,379 [Timer-1] INFO  marytts.R 1 - TextToMaryXML (marytts.modules.TextToMaryXML)
2016-04-17 11:04:37,379 [Timer-1] INFO  marytts.R 1 Next module: TextToMaryXML
2016-04-17 11:04:37,379 [Timer-1] INFO  marytts.R 1 Handling request using the following modules:
2016-04-17 11:04:37,379 [Timer-1] INFO  marytts.R 1 - JTokeniser (marytts.language.en.JTokeniser)
2016-04-17 11:04:37,379 [Timer-1] INFO  marytts.R 1 - XML2Utt TokensEn (marytts.language.en.XML2UttTokensEn)
2016-04-17 11:04:37,379 [Timer-1] INFO  marytts.R 1 - TokenToWords (marytts.language.en.FreeTTSTokenToWords)
2016-04-17 11:04:37,379 [Timer-1] INFO  marytts.R 1 - Utt2XML WordsEn (marytts.language.en.Utt2XMLWordsEn)
2016-04-17 11:04:37,379 [Timer-1] INFO  marytts.R 1 - OpenNLPPosTagger (marytts.modules.OpenNLPPosTagger)
2016-04-17 11:04:37,379 [Timer-1] INFO  marytts.R 1 - JPhonemiser (marytts.modules.JPhonemiser)
2016-04-17 11:04:37,379 [Timer-1] INFO  marytts.R 1 - Prosody (marytts.language.en.Prosody)
2016-04-17 11:04:37,379 [Timer-1] INFO  marytts.R 1 - PronunciationModel (marytts.language.en.PronunciationModel)
2016-04-17 11:04:37,379 [Timer-1] INFO  marytts.R 1 - AcousticModeller (marytts.modules.AcousticModeller)
2016-04-17 11:04:37,379 [Timer-1] INFO  marytts.R 1 - Synthesis (marytts.modules.Synthesis)
2016-04-17 11:04:37,379 [Timer-1] INFO  marytts.R 1 Next module: JTokeniser
2016-04-17 11:04:37,379 [Timer-1] INFO  marytts.R 1 Next module: XML2Utt TokensEn
2016-04-17 11:04:37,379 [Timer-1] INFO  marytts.R 1 Next module: TokenToWords
2016-04-17 11:04:37,379 [Timer-1] INFO  marytts.R 1 Next module: Utt2XML WordsEn
2016-04-17 11:04:37,379 [Timer-1] INFO  marytts.R 1 Next module: OpenNLPPosTagger
2016-04-17 11:04:37,379 [Timer-1] INFO  marytts.R 1 Next module: JPhonemiser
2016-04-17 11:04:37,379 [Timer-1] INFO  marytts.R 1 Next module: Prosody
2016-04-17 11:04:37,394 [Timer-1] INFO  marytts.R 1 Next module: PronunciationModel
2016-04-17 11:04:37,394 [Timer-1] INFO  marytts.R 1 Next module: AcousticModeller
2016-04-17 11:04:37,426 [Timer-1] INFO  marytts.ParameterGeneration Parameter generation for LF0: 
2016-04-17 11:04:37,426 [Timer-1] INFO  marytts.PStream Context-dependent global variance optimization: gvLength = 90
2016-04-17 11:04:37,426 [Timer-1] INFO  marytts.PStream Gradient GV optimization for feature: (0)  number of iterations=14
2016-04-17 11:04:37,426 [Timer-1] INFO  marytts.R 1 Next module: Synthesis
2016-04-17 11:04:37,426 [Timer-1] INFO  marytts.HMMSynthesizer Synthesizing one sentence.
2016-04-17 11:04:37,426 [Timer-1] INFO  marytts.HTSEngine Using prosody from acoustparams.
2016-04-17 11:04:37,426 [Timer-1] INFO  marytts.HTSEngine Number of models in sentence numModel=9  Total number of states numState=45
2016-04-17 11:04:37,426 [Timer-1] INFO  marytts.HTSEngine Total number of frames=144  Number of voiced frames=90
2016-04-17 11:04:37,426 [Timer-1] INFO  marytts.ParameterGeneration Parameter generation for MGC: 
2016-04-17 11:04:37,426 [Timer-1] INFO  marytts.PStream Context-dependent global variance optimization: gvLength = 130
2016-04-17 11:04:37,441 [Timer-1] INFO  marytts.PStream    optimization stopped by reaching max number of iterations (no global variance applied)
2016-04-17 11:04:37,441 [Timer-1] INFO  marytts.PStream Gradient GV optimization for feature: (0)  number of iterations=101
2016-04-17 11:04:37,441 [Timer-1] INFO  marytts.PStream Gradient GV optimization for feature: (1)  number of iterations=19
2016-04-17 11:04:37,441 [Timer-1] INFO  marytts.PStream Gradient GV optimization for feature: (2)  number of iterations=35
2016-04-17 11:04:37,441 [Timer-1] INFO  marytts.PStream Gradient GV optimization for feature: (3)  number of iterations=21
2016-04-17 11:04:37,441 [Timer-1] INFO  marytts.PStream Gradient GV optimization for feature: (4)  number of iterations=62
2016-04-17 11:04:37,441 [Timer-1] INFO  marytts.PStream Gradient GV optimization for feature: (5)  number of iterations=12
2016-04-17 11:04:37,441 [Timer-1] INFO  marytts.PStream Gradient GV optimization for feature: (6)  number of iterations=2
2016-04-17 11:04:37,441 [Timer-1] INFO  marytts.PStream Gradient GV optimization for feature: (7)  number of iterations=3
2016-04-17 11:04:37,441 [Timer-1] INFO  marytts.PStream Gradient GV optimization for feature: (8)  number of iterations=24
2016-04-17 11:04:37,457 [Timer-1] INFO  marytts.PStream Gradient GV optimization for feature: (9)  number of iterations=26
2016-04-17 11:04:37,457 [Timer-1] INFO  marytts.PStream Gradient GV optimization for feature: (10)  number of iterations=15
2016-04-17 11:04:37,457 [Timer-1] INFO  marytts.PStream Gradient GV optimization for feature: (11)  number of iterations=15
2016-04-17 11:04:37,457 [Timer-1] INFO  marytts.PStream Gradient GV optimization for feature: (12)  number of iterations=12
2016-04-17 11:04:37,457 [Timer-1] INFO  marytts.PStream Gradient GV optimization for feature: (13)  number of iterations=13
2016-04-17 11:04:37,457 [Timer-1] INFO  marytts.PStream Gradient GV optimization for feature: (14)  number of iterations=17
2016-04-17 11:04:37,457 [Timer-1] INFO  marytts.PStream Gradient GV optimization for feature: (15)  number of iterations=11
2016-04-17 11:04:37,457 [Timer-1] INFO  marytts.PStream Gradient GV optimization for feature: (16)  number of iterations=20
2016-04-17 11:04:37,457 [Timer-1] INFO  marytts.PStream Gradient GV optimization for feature: (17)  number of iterations=15
2016-04-17 11:04:37,457 [Timer-1] INFO  marytts.PStream Gradient GV optimization for feature: (18)  number of iterations=16
2016-04-17 11:04:37,457 [Timer-1] INFO  marytts.PStream Gradient GV optimization for feature: (19)  number of iterations=12
2016-04-17 11:04:37,457 [Timer-1] INFO  marytts.PStream Gradient GV optimization for feature: (20)  number of iterations=17
2016-04-17 11:04:37,457 [Timer-1] INFO  marytts.PStream Gradient GV optimization for feature: (21)  number of iterations=1
2016-04-17 11:04:37,457 [Timer-1] INFO  marytts.PStream Gradient GV optimization for feature: (22)  number of iterations=2
2016-04-17 11:04:37,457 [Timer-1] INFO  marytts.PStream Gradient GV optimization for feature: (23)  number of iterations=12
2016-04-17 11:04:37,457 [Timer-1] INFO  marytts.PStream Gradient GV optimization for feature: (24)  number of iterations=11
2016-04-17 11:04:37,457 [Timer-1] INFO  marytts.PStream Gradient GV optimization for feature: (25)  number of iterations=7
2016-04-17 11:04:37,457 [Timer-1] INFO  marytts.PStream Gradient GV optimization for feature: (26)  number of iterations=2
2016-04-17 11:04:37,457 [Timer-1] INFO  marytts.PStream Gradient GV optimization for feature: (27)  number of iterations=3
2016-04-17 11:04:37,457 [Timer-1] INFO  marytts.PStream Gradient GV optimization for feature: (28)  number of iterations=10
2016-04-17 11:04:37,457 [Timer-1] INFO  marytts.PStream Gradient GV optimization for feature: (29)  number of iterations=8
2016-04-17 11:04:37,457 [Timer-1] INFO  marytts.PStream Gradient GV optimization for feature: (30)  number of iterations=3
2016-04-17 11:04:37,457 [Timer-1] INFO  marytts.PStream Gradient GV optimization for feature: (31)  number of iterations=6
2016-04-17 11:04:37,457 [Timer-1] INFO  marytts.PStream Gradient GV optimization for feature: (32)  number of iterations=5
2016-04-17 11:04:37,457 [Timer-1] INFO  marytts.PStream Gradient GV optimization for feature: (33)  number of iterations=14
2016-04-17 11:04:37,473 [Timer-1] INFO  marytts.PStream Gradient GV optimization for feature: (34)  number of iterations=21
2016-04-17 11:04:37,473 [Timer-1] INFO  marytts.ParameterGeneration Using f0 from maryXML acoustparams
2016-04-17 11:04:37,473 [Timer-1] INFO  marytts.PStream Context-dependent global variance optimization: gvLength = 130
2016-04-17 11:04:37,473 [Timer-1] INFO  marytts.PStream Gradient GV optimization for feature: (0)  number of iterations=13
2016-04-17 11:04:37,473 [Timer-1] INFO  marytts.PStream Gradient GV optimization for feature: (1)  number of iterations=35
2016-04-17 11:04:37,473 [Timer-1] INFO  marytts.PStream Gradient GV optimization for feature: (2)  number of iterations=11
2016-04-17 11:04:37,473 [Timer-1] INFO  marytts.PStream Gradient GV optimization for feature: (3)  number of iterations=8
2016-04-17 11:04:37,473 [Timer-1] INFO  marytts.PStream Gradient GV optimization for feature: (4)  number of iterations=17
2016-04-17 11:04:37,473 [Timer-1] INFO  marytts.R 1 Request processed in 94 ms.
2016-04-17 11:04:37,473 [Timer-1] INFO  marytts.R 1    TextToMaryXML took 0 ms
2016-04-17 11:04:37,473 [Timer-1] INFO  marytts.R 1    JTokeniser took 0 ms
2016-04-17 11:04:37,473 [Timer-1] INFO  marytts.R 1    XML2Utt TokensEn took 0 ms
2016-04-17 11:04:37,473 [Timer-1] INFO  marytts.R 1    TokenToWords took 0 ms
2016-04-17 11:04:37,473 [Timer-1] INFO  marytts.R 1    Utt2XML WordsEn took 0 ms
2016-04-17 11:04:37,473 [Timer-1] INFO  marytts.R 1    OpenNLPPosTagger took 0 ms
2016-04-17 11:04:37,473 [Timer-1] INFO  marytts.R 1    JPhonemiser took 0 ms
2016-04-17 11:04:37,473 [Timer-1] INFO  marytts.R 1    Prosody took 15 ms
2016-04-17 11:04:37,473 [Timer-1] INFO  marytts.R 1    PronunciationModel took 0 ms
2016-04-17 11:04:37,473 [Timer-1] INFO  marytts.R 1    AcousticModeller took 32 ms
2016-04-17 11:04:37,473 [Timer-1] INFO  marytts.R 1    Synthesis took 47 ms
2016-04-17 11:04:42,363 [Timer-1] INFO  marytts.R 1 New request (input type "TEXT", output type "AUDIO", voice "cmu-slt-hsmm", audio "WAVE")
2016-04-17 11:04:42,364 [Timer-1] INFO  marytts.R 1 Handling request using the following modules:
2016-04-17 11:04:42,364 [Timer-1] INFO  marytts.R 1 - TextToMaryXML (marytts.modules.TextToMaryXML)
2016-04-17 11:04:42,364 [Timer-1] INFO  marytts.R 1 Next module: TextToMaryXML
2016-04-17 11:04:42,365 [Timer-1] INFO  marytts.R 1 Handling request using the following modules:
2016-04-17 11:04:42,365 [Timer-1] INFO  marytts.R 1 - JTokeniser (marytts.language.en.JTokeniser)
2016-04-17 11:04:42,365 [Timer-1] INFO  marytts.R 1 - XML2Utt TokensEn (marytts.language.en.XML2UttTokensEn)
2016-04-17 11:04:42,365 [Timer-1] INFO  marytts.R 1 - TokenToWords (marytts.language.en.FreeTTSTokenToWords)
2016-04-17 11:04:42,365 [Timer-1] INFO  marytts.R 1 - Utt2XML WordsEn (marytts.language.en.Utt2XMLWordsEn)
2016-04-17 11:04:42,365 [Timer-1] INFO  marytts.R 1 - OpenNLPPosTagger (marytts.modules.OpenNLPPosTagger)
2016-04-17 11:04:42,365 [Timer-1] INFO  marytts.R 1 - JPhonemiser (marytts.modules.JPhonemiser)
2016-04-17 11:04:42,366 [Timer-1] INFO  marytts.R 1 - Prosody (marytts.language.en.Prosody)
2016-04-17 11:04:42,366 [Timer-1] INFO  marytts.R 1 - PronunciationModel (marytts.language.en.PronunciationModel)
2016-04-17 11:04:42,366 [Timer-1] INFO  marytts.R 1 - AcousticModeller (marytts.modules.AcousticModeller)
2016-04-17 11:04:42,366 [Timer-1] INFO  marytts.R 1 - Synthesis (marytts.modules.Synthesis)
2016-04-17 11:04:42,366 [Timer-1] INFO  marytts.R 1 Next module: JTokeniser
2016-04-17 11:04:42,366 [Timer-1] INFO  marytts.R 1 Next module: XML2Utt TokensEn
2016-04-17 11:04:42,367 [Timer-1] INFO  marytts.R 1 Next module: TokenToWords
2016-04-17 11:04:42,368 [Timer-1] INFO  marytts.R 1 Next module: Utt2XML WordsEn
2016-04-17 11:04:42,368 [Timer-1] INFO  marytts.R 1 Next module: OpenNLPPosTagger
2016-04-17 11:04:42,369 [Timer-1] INFO  marytts.R 1 Next module: JPhonemiser
2016-04-17 11:04:42,370 [Timer-1] INFO  marytts.R 1 Next module: Prosody
2016-04-17 11:04:42,371 [Timer-1] INFO  marytts.R 1 Next module: PronunciationModel
2016-04-17 11:04:42,372 [Timer-1] INFO  marytts.R 1 Next module: AcousticModeller
2016-04-17 11:04:42,378 [Timer-1] INFO  marytts.ParameterGeneration Parameter generation for LF0: 
2016-04-17 11:04:42,378 [Timer-1] INFO  marytts.PStream Context-dependent global variance optimization: gvLength = 88
2016-04-17 11:04:42,378 [Timer-1] INFO  marytts.PStream Gradient GV optimization for feature: (0)  number of iterations=1
2016-04-17 11:04:42,379 [Timer-1] INFO  marytts.R 1 Next module: Synthesis
2016-04-17 11:04:42,380 [Timer-1] INFO  marytts.HMMSynthesizer Synthesizing one sentence.
2016-04-17 11:04:42,381 [Timer-1] INFO  marytts.HTSEngine Using prosody from acoustparams.
2016-04-17 11:04:42,381 [Timer-1] INFO  marytts.HTSEngine Number of models in sentence numModel=5  Total number of states numState=25
2016-04-17 11:04:42,382 [Timer-1] INFO  marytts.HTSEngine Total number of frames=171  Number of voiced frames=88
2016-04-17 11:04:42,383 [Timer-1] INFO  marytts.ParameterGeneration Parameter generation for MGC: 
2016-04-17 11:04:42,383 [Timer-1] INFO  marytts.PStream Context-dependent global variance optimization: gvLength = 135
2016-04-17 11:04:42,384 [Timer-1] INFO  marytts.PStream Gradient GV optimization for feature: (0)  number of iterations=49
2016-04-17 11:04:42,385 [Timer-1] INFO  marytts.PStream Gradient GV optimization for feature: (1)  number of iterations=41
2016-04-17 11:04:42,385 [Timer-1] INFO  marytts.PStream Gradient GV optimization for feature: (2)  number of iterations=2
2016-04-17 11:04:42,386 [Timer-1] INFO  marytts.PStream Gradient GV optimization for feature: (3)  number of iterations=24
2016-04-17 11:04:42,387 [Timer-1] INFO  marytts.PStream Gradient GV optimization for feature: (4)  number of iterations=20
2016-04-17 11:04:42,388 [Timer-1] INFO  marytts.PStream Gradient GV optimization for feature: (5)  number of iterations=1
2016-04-17 11:04:42,388 [Timer-1] INFO  marytts.PStream Gradient GV optimization for feature: (6)  number of iterations=17
2016-04-17 11:04:42,389 [Timer-1] INFO  marytts.PStream Gradient GV optimization for feature: (7)  number of iterations=20
2016-04-17 11:04:42,389 [Timer-1] INFO  marytts.PStream Gradient GV optimization for feature: (8)  number of iterations=21
2016-04-17 11:04:42,389 [Timer-1] INFO  marytts.PStream Gradient GV optimization for feature: (9)  number of iterations=3
2016-04-17 11:04:42,390 [Timer-1] INFO  marytts.PStream Gradient GV optimization for feature: (10)  number of iterations=21
2016-04-17 11:04:42,390 [Timer-1] INFO  marytts.PStream Gradient GV optimization for feature: (11)  number of iterations=21
2016-04-17 11:04:42,391 [Timer-1] INFO  marytts.PStream Gradient GV optimization for feature: (12)  number of iterations=17
2016-04-17 11:04:42,392 [Timer-1] INFO  marytts.PStream Gradient GV optimization for feature: (13)  number of iterations=26
2016-04-17 11:04:42,392 [Timer-1] INFO  marytts.PStream Gradient GV optimization for feature: (14)  number of iterations=1
2016-04-17 11:04:42,392 [Timer-1] INFO  marytts.PStream Gradient GV optimization for feature: (15)  number of iterations=13
2016-04-17 11:04:42,393 [Timer-1] INFO  marytts.PStream Gradient GV optimization for feature: (16)  number of iterations=18
2016-04-17 11:04:42,393 [Timer-1] INFO  marytts.PStream Gradient GV optimization for feature: (17)  number of iterations=34
2016-04-17 11:04:42,394 [Timer-1] INFO  marytts.PStream Gradient GV optimization for feature: (18)  number of iterations=4
2016-04-17 11:04:42,394 [Timer-1] INFO  marytts.PStream Gradient GV optimization for feature: (19)  number of iterations=16
2016-04-17 11:04:42,394 [Timer-1] INFO  marytts.PStream Gradient GV optimization for feature: (20)  number of iterations=18
2016-04-17 11:04:42,395 [Timer-1] INFO  marytts.PStream Gradient GV optimization for feature: (21)  number of iterations=10
2016-04-17 11:04:42,395 [Timer-1] INFO  marytts.PStream Gradient GV optimization for feature: (22)  number of iterations=6
2016-04-17 11:04:42,395 [Timer-1] INFO  marytts.PStream Gradient GV optimization for feature: (23)  number of iterations=17
2016-04-17 11:04:42,396 [Timer-1] INFO  marytts.PStream Gradient GV optimization for feature: (24)  number of iterations=8
2016-04-17 11:04:42,396 [Timer-1] INFO  marytts.PStream Gradient GV optimization for feature: (25)  number of iterations=12
2016-04-17 11:04:42,397 [Timer-1] INFO  marytts.PStream Gradient GV optimization for feature: (26)  number of iterations=28
2016-04-17 11:04:42,397 [Timer-1] INFO  marytts.PStream Gradient GV optimization for feature: (27)  number of iterations=14
2016-04-17 11:04:42,397 [Timer-1] INFO  marytts.PStream Gradient GV optimization for feature: (28)  number of iterations=12
2016-04-17 11:04:42,398 [Timer-1] INFO  marytts.PStream Gradient GV optimization for feature: (29)  number of iterations=15
2016-04-17 11:04:42,398 [Timer-1] INFO  marytts.PStream Gradient GV optimization for feature: (30)  number of iterations=14
2016-04-17 11:04:42,399 [Timer-1] INFO  marytts.PStream Gradient GV optimization for feature: (31)  number of iterations=13
2016-04-17 11:04:42,399 [Timer-1] INFO  marytts.PStream Gradient GV optimization for feature: (32)  number of iterations=3
2016-04-17 11:04:42,399 [Timer-1] INFO  marytts.PStream Gradient GV optimization for feature: (33)  number of iterations=16
2016-04-17 11:04:42,399 [Timer-1] INFO  marytts.PStream Gradient GV optimization for feature: (34)  number of iterations=12
2016-04-17 11:04:42,399 [Timer-1] INFO  marytts.ParameterGeneration Using f0 from maryXML acoustparams
2016-04-17 11:04:42,401 [Timer-1] INFO  marytts.PStream Context-dependent global variance optimization: gvLength = 135
2016-04-17 11:04:42,401 [Timer-1] INFO  marytts.PStream Gradient GV optimization for feature: (0)  number of iterations=17
2016-04-17 11:04:42,402 [Timer-1] INFO  marytts.PStream Gradient GV optimization for feature: (1)  number of iterations=10
2016-04-17 11:04:42,402 [Timer-1] INFO  marytts.PStream Gradient GV optimization for feature: (2)  number of iterations=16
2016-04-17 11:04:42,402 [Timer-1] INFO  marytts.PStream Gradient GV optimization for feature: (3)  number of iterations=4
2016-04-17 11:04:42,403 [Timer-1] INFO  marytts.PStream Gradient GV optimization for feature: (4)  number of iterations=12
2016-04-17 11:04:42,403 [Timer-1] INFO  marytts.R 1 Request processed in 39 ms.
2016-04-17 11:04:42,403 [Timer-1] INFO  marytts.R 1    TextToMaryXML took 0 ms
2016-04-17 11:04:42,404 [Timer-1] INFO  marytts.R 1    JTokeniser took 0 ms
2016-04-17 11:04:42,404 [Timer-1] INFO  marytts.R 1    XML2Utt TokensEn took 1 ms
2016-04-17 11:04:42,404 [Timer-1] INFO  marytts.R 1    TokenToWords took 1 ms
2016-04-17 11:04:42,404 [Timer-1] INFO  marytts.R 1    Utt2XML WordsEn took 0 ms
2016-04-17 11:04:42,404 [Timer-1] INFO  marytts.R 1    OpenNLPPosTagger took 1 ms
2016-04-17 11:04:42,404 [Timer-1] INFO  marytts.R 1    JPhonemiser took 1 ms
2016-04-17 11:04:42,404 [Timer-1] INFO  marytts.R 1    Prosody took 1 ms
2016-04-17 11:04:42,404 [Timer-1] INFO  marytts.R 1    PronunciationModel took 1 ms
2016-04-17 11:04:42,404 [Timer-1] INFO  marytts.R 1    AcousticModeller took 7 ms
2016-04-17 11:04:42,404 [Timer-1] INFO  marytts.R 1    Synthesis took 24 ms
2016-04-17 11:04:47,363 [Timer-1] INFO  marytts.R 1 New request (input type "TEXT", output type "AUDIO", voice "cmu-slt-hsmm", audio "WAVE")
2016-04-17 11:04:47,364 [Timer-1] INFO  marytts.R 1 Handling request using the following modules:
2016-04-17 11:04:47,364 [Timer-1] INFO  marytts.R 1 - TextToMaryXML (marytts.modules.TextToMaryXML)
2016-04-17 11:04:47,364 [Timer-1] INFO  marytts.R 1 Next module: TextToMaryXML
2016-04-17 11:04:47,365 [Timer-1] INFO  marytts.R 1 Handling request using the following modules:
2016-04-17 11:04:47,366 [Timer-1] INFO  marytts.R 1 - JTokeniser (marytts.language.en.JTokeniser)
2016-04-17 11:04:47,366 [Timer-1] INFO  marytts.R 1 - XML2Utt TokensEn (marytts.language.en.XML2UttTokensEn)
2016-04-17 11:04:47,366 [Timer-1] INFO  marytts.R 1 - TokenToWords (marytts.language.en.FreeTTSTokenToWords)
2016-04-17 11:04:47,366 [Timer-1] INFO  marytts.R 1 - Utt2XML WordsEn (marytts.language.en.Utt2XMLWordsEn)
2016-04-17 11:04:47,366 [Timer-1] INFO  marytts.R 1 - OpenNLPPosTagger (marytts.modules.OpenNLPPosTagger)
2016-04-17 11:04:47,366 [Timer-1] INFO  marytts.R 1 - JPhonemiser (marytts.modules.JPhonemiser)
2016-04-17 11:04:47,366 [Timer-1] INFO  marytts.R 1 - Prosody (marytts.language.en.Prosody)
2016-04-17 11:04:47,366 [Timer-1] INFO  marytts.R 1 - PronunciationModel (marytts.language.en.PronunciationModel)
2016-04-17 11:04:47,366 [Timer-1] INFO  marytts.R 1 - AcousticModeller (marytts.modules.AcousticModeller)
2016-04-17 11:04:47,367 [Timer-1] INFO  marytts.R 1 - Synthesis (marytts.modules.Synthesis)
2016-04-17 11:04:47,367 [Timer-1] INFO  marytts.R 1 Next module: JTokeniser
2016-04-17 11:04:47,368 [Timer-1] INFO  marytts.R 1 Next module: XML2Utt TokensEn
2016-04-17 11:04:47,369 [Timer-1] INFO  marytts.R 1 Next module: TokenToWords
2016-04-17 11:04:47,369 [Timer-1] INFO  marytts.R 1 Next module: Utt2XML WordsEn
2016-04-17 11:04:47,369 [Timer-1] INFO  marytts.R 1 Next module: OpenNLPPosTagger
2016-04-17 11:04:47,370 [Timer-1] INFO  marytts.R 1 Next module: JPhonemiser
2016-04-17 11:04:47,371 [Timer-1] INFO  marytts.R 1 Next module: Prosody
2016-04-17 11:04:47,372 [Timer-1] INFO  marytts.R 1 Next module: PronunciationModel
2016-04-17 11:04:47,373 [Timer-1] INFO  marytts.R 1 Next module: AcousticModeller
2016-04-17 11:04:47,381 [Timer-1] INFO  marytts.ParameterGeneration Parameter generation for LF0: 
2016-04-17 11:04:47,381 [Timer-1] INFO  marytts.PStream Context-dependent global variance optimization: gvLength = 200
2016-04-17 11:04:47,381 [Timer-1] INFO  marytts.PStream Gradient GV optimization for feature: (0)  number of iterations=1
2016-04-17 11:04:47,383 [Timer-1] INFO  marytts.R 1 Next module: Synthesis
2016-04-17 11:04:47,383 [Timer-1] INFO  marytts.HMMSynthesizer Synthesizing one sentence.
2016-04-17 11:04:47,385 [Timer-1] INFO  marytts.HTSEngine Using prosody from acoustparams.
2016-04-17 11:04:47,385 [Timer-1] INFO  marytts.HTSEngine Number of models in sentence numModel=8  Total number of states numState=40
2016-04-17 11:04:47,386 [Timer-1] INFO  marytts.HTSEngine Total number of frames=253  Number of voiced frames=200
2016-04-17 11:04:47,410 [Timer-1] INFO  marytts.ParameterGeneration Parameter generation for MGC: 
2016-04-17 11:04:47,410 [Timer-1] INFO  marytts.PStream Context-dependent global variance optimization: gvLength = 218
2016-04-17 11:04:47,413 [Timer-1] INFO  marytts.PStream    optimization stopped by reaching max number of iterations (no global variance applied)
2016-04-17 11:04:47,413 [Timer-1] INFO  marytts.PStream Gradient GV optimization for feature: (0)  number of iterations=101
2016-04-17 11:04:47,414 [Timer-1] INFO  marytts.PStream Gradient GV optimization for feature: (1)  number of iterations=57
2016-04-17 11:04:47,415 [Timer-1] INFO  marytts.PStream Gradient GV optimization for feature: (2)  number of iterations=5
2016-04-17 11:04:47,415 [Timer-1] INFO  marytts.PStream Gradient GV optimization for feature: (3)  number of iterations=3
2016-04-17 11:04:47,416 [Timer-1] INFO  marytts.PStream Gradient GV optimization for feature: (4)  number of iterations=20
2016-04-17 11:04:47,417 [Timer-1] INFO  marytts.PStream Gradient GV optimization for feature: (5)  number of iterations=2
2016-04-17 11:04:47,417 [Timer-1] INFO  marytts.PStream Gradient GV optimization for feature: (6)  number of iterations=1
2016-04-17 11:04:47,417 [Timer-1] INFO  marytts.PStream Gradient GV optimization for feature: (7)  number of iterations=2
2016-04-17 11:04:47,418 [Timer-1] INFO  marytts.PStream Gradient GV optimization for feature: (8)  number of iterations=19
2016-04-17 11:04:47,419 [Timer-1] INFO  marytts.PStream Gradient GV optimization for feature: (9)  number of iterations=18
2016-04-17 11:04:47,420 [Timer-1] INFO  marytts.PStream Gradient GV optimization for feature: (10)  number of iterations=20
2016-04-17 11:04:47,420 [Timer-1] INFO  marytts.PStream Gradient GV optimization for feature: (11)  number of iterations=15
2016-04-17 11:04:47,421 [Timer-1] INFO  marytts.PStream Gradient GV optimization for feature: (12)  number of iterations=15
2016-04-17 11:04:47,422 [Timer-1] INFO  marytts.PStream Gradient GV optimization for feature: (13)  number of iterations=20
2016-04-17 11:04:47,423 [Timer-1] INFO  marytts.PStream Gradient GV optimization for feature: (14)  number of iterations=15
2016-04-17 11:04:47,423 [Timer-1] INFO  marytts.PStream Gradient GV optimization for feature: (15)  number of iterations=17
2016-04-17 11:04:47,424 [Timer-1] INFO  marytts.PStream Gradient GV optimization for feature: (16)  number of iterations=12
2016-04-17 11:04:47,425 [Timer-1] INFO  marytts.PStream Gradient GV optimization for feature: (17)  number of iterations=16
2016-04-17 11:04:47,426 [Timer-1] INFO  marytts.PStream Gradient GV optimization for feature: (18)  number of iterations=18
2016-04-17 11:04:47,426 [Timer-1] INFO  marytts.PStream Gradient GV optimization for feature: (19)  number of iterations=10
2016-04-17 11:04:47,427 [Timer-1] INFO  marytts.PStream Gradient GV optimization for feature: (20)  number of iterations=17
2016-04-17 11:04:47,428 [Timer-1] INFO  marytts.PStream Gradient GV optimization for feature: (21)  number of iterations=3
2016-04-17 11:04:47,428 [Timer-1] INFO  marytts.PStream Gradient GV optimization for feature: (22)  number of iterations=11
2016-04-17 11:04:47,429 [Timer-1] INFO  marytts.PStream Gradient GV optimization for feature: (23)  number of iterations=14
2016-04-17 11:04:47,429 [Timer-1] INFO  marytts.PStream Gradient GV optimization for feature: (24)  number of iterations=8
2016-04-17 11:04:47,430 [Timer-1] INFO  marytts.PStream Gradient GV optimization for feature: (25)  number of iterations=13
2016-04-17 11:04:47,431 [Timer-1] INFO  marytts.PStream Gradient GV optimization for feature: (26)  number of iterations=13
2016-04-17 11:04:47,431 [Timer-1] INFO  marytts.PStream Gradient GV optimization for feature: (27)  number of iterations=12
2016-04-17 11:04:47,432 [Timer-1] INFO  marytts.PStream Gradient GV optimization for feature: (28)  number of iterations=14
2016-04-17 11:04:47,433 [Timer-1] INFO  marytts.PStream Gradient GV optimization for feature: (29)  number of iterations=13
2016-04-17 11:04:47,434 [Timer-1] INFO  marytts.PStream Gradient GV optimization for feature: (30)  number of iterations=14
2016-04-17 11:04:47,435 [Timer-1] INFO  marytts.PStream Gradient GV optimization for feature: (31)  number of iterations=14
2016-04-17 11:04:47,435 [Timer-1] INFO  marytts.PStream Gradient GV optimization for feature: (32)  number of iterations=9
2016-04-17 11:04:47,436 [Timer-1] INFO  marytts.PStream Gradient GV optimization for feature: (33)  number of iterations=9
2016-04-17 11:04:47,436 [Timer-1] INFO  marytts.PStream Gradient GV optimization for feature: (34)  number of iterations=14
2016-04-17 11:04:47,437 [Timer-1] INFO  marytts.ParameterGeneration Using f0 from maryXML acoustparams
2016-04-17 11:04:47,439 [Timer-1] INFO  marytts.PStream Context-dependent global variance optimization: gvLength = 218
2016-04-17 11:04:47,440 [Timer-1] INFO  marytts.PStream Gradient GV optimization for feature: (0)  number of iterations=43
2016-04-17 11:04:47,441 [Timer-1] INFO  marytts.PStream Gradient GV optimization for feature: (1)  number of iterations=15
2016-04-17 11:04:47,442 [Timer-1] INFO  marytts.PStream Gradient GV optimization for feature: (2)  number of iterations=16
2016-04-17 11:04:47,442 [Timer-1] INFO  marytts.PStream Gradient GV optimization for feature: (3)  number of iterations=12
2016-04-17 11:04:47,443 [Timer-1] INFO  marytts.PStream Gradient GV optimization for feature: (4)  number of iterations=23
2016-04-17 11:04:47,446 [Timer-1] INFO  marytts.R 1 Request processed in 82 ms.
2016-04-17 11:04:47,446 [Timer-1] INFO  marytts.R 1    TextToMaryXML took 1 ms
2016-04-17 11:04:47,446 [Timer-1] INFO  marytts.R 1    JTokeniser took 1 ms
2016-04-17 11:04:47,446 [Timer-1] INFO  marytts.R 1    XML2Utt TokensEn took 0 ms
2016-04-17 11:04:47,446 [Timer-1] INFO  marytts.R 1    TokenToWords took 0 ms
2016-04-17 11:04:47,446 [Timer-1] INFO  marytts.R 1    Utt2XML WordsEn took 0 ms
2016-04-17 11:04:47,446 [Timer-1] INFO  marytts.R 1    OpenNLPPosTagger took 1 ms
2016-04-17 11:04:47,446 [Timer-1] INFO  marytts.R 1    JPhonemiser took 1 ms
2016-04-17 11:04:47,446 [Timer-1] INFO  marytts.R 1    Prosody took 1 ms
2016-04-17 11:04:47,446 [Timer-1] INFO  marytts.R 1    PronunciationModel took 1 ms
2016-04-17 11:04:47,446 [Timer-1] INFO  marytts.R 1    AcousticModeller took 10 ms
2016-04-17 11:04:47,446 [Timer-1] INFO  marytts.R 1    Synthesis took 63 ms
2016-04-17 11:04:55,306 [Thread-3] INFO  marytts.main Shutting down modules...
2016-04-17 11:04:55,307 [Thread-3] INFO  marytts.JTokeniser Module shut down.
2016-04-17 11:04:55,307 [Thread-3] INFO  marytts.TokenToWords Module shut down.
2016-04-17 11:04:55,308 [Thread-3] INFO  marytts.JPhonemiser Module shut down.
2016-04-17 11:04:55,308 [Thread-3] INFO  marytts.JPhonemiser Module shut down.
2016-04-17 11:04:55,308 [Thread-3] INFO  marytts.Prosody Module shut down.
2016-04-17 11:04:55,308 [Thread-3] INFO  marytts.SimplePhoneme2AP Module shut down.
2016-04-17 11:04:55,308 [Thread-3] INFO  marytts.Utt2XML WordsEn Module shut down.
2016-04-17 11:04:55,308 [Thread-3] INFO  marytts.XML2Utt TokensEn Module shut down.
2016-04-17 11:04:55,308 [Thread-3] INFO  marytts.PronunciationModel Module shut down.
2016-04-17 11:04:55,308 [Thread-3] INFO  marytts.OpenNLPPosTagger Module shut down.
2016-04-17 11:04:55,308 [Thread-3] INFO  marytts.Synthesis Module shut down.
2016-04-17 11:04:55,308 [Thread-3] INFO  marytts.TextToMaryXML Module shut down.
2016-04-17 11:04:55,308 [Thread-3] INFO  marytts.SableParser Module shut down.
2016-04-17 11:04:55,308 [Thread-3] INFO  marytts.SSMLParser Module shut down.
2016-04-17 11:04:55,308 [Thread-3] INFO  marytts.APMLParser Module shut down.
2016-04-17 11:04:55,308 [Thread-3] INFO  marytts.EmotionmlParser Module shut down.
2016-04-17 11:04:55,308 [Thread-3] INFO  marytts.JTokeniser Module shut down.
2016-04-17 11:04:55,308 [Thread-3] INFO  marytts.DummyTokens2Words Module shut down.
2016-04-17 11:04:55,308 [Thread-3] INFO  marytts.Prosody Module shut down.
2016-04-17 11:04:55,308 [Thread-3] INFO  marytts.PronunciationModel Module shut down.
2016-04-17 11:04:55,308 [Thread-3] INFO  marytts.TargetFeatureLister Module shut down.
2016-04-17 11:04:55,308 [Thread-3] INFO  marytts.TargetFeatureLister Module shut down.
2016-04-17 11:04:55,308 [Thread-3] INFO  marytts.AcousticModeller Module shut down.
2016-04-17 11:04:55,308 [Thread-3] INFO  marytts.Realised acoustparams extractor Module shut down.
2016-04-17 11:04:55,308 [Thread-3] INFO  marytts.Realised durations extractor Module shut down.
2016-04-17 11:04:55,309 [Thread-3] INFO  marytts.HTSEngine Module shut down.
2016-04-17 11:04:55,309 [Thread-3] INFO  marytts.Praat TextGrid generator Module shut down.
2016-04-17 11:04:55,311 [Thread-3] INFO  marytts.main Shutdown complete.
